2025-07-26 02:02:33,391 - __main__ - INFO - Demo Options Trading Bot initialized
2025-07-26 02:02:33,391 - __main__ - INFO - Configuration:
2025-07-26 02:02:33,391 - __main__ - INFO -   Max Position Size: $1,000.00
2025-07-26 02:02:33,391 - __main__ - INFO -   Risk Per Trade: 2.0%
2025-07-26 02:02:33,391 - __main__ - INFO -   Profit Target: 15.0%
2025-07-26 02:02:33,391 - __main__ - INFO -   Stop Loss: 50.0%
2025-07-26 02:02:33,391 - __main__ - INFO -   Max Daily Loss: $500.00
2025-07-26 02:02:33,391 - __main__ - INFO -   Max Open Positions: 5
2025-07-26 02:02:33,391 - __main__ - INFO -  Starting Demo Options Trading Bot (15 cycles)
2025-07-26 02:02:33,391 - __main__ - INFO - 
--- Cycle 1/15 ---
2025-07-26 02:02:33,391 - __main__ - INFO -  Analyzing 10 options contracts
2025-07-26 02:02:33,391 - __main__ - INFO - 革  No suitable opportunities found
2025-07-26 02:02:33,391 - __main__ - INFO - ============================================================
2025-07-26 02:02:33,391 - __main__ - INFO -  PORTFOLIO STATUS
2025-07-26 02:02:33,391 - __main__ - INFO - ============================================================
2025-07-26 02:02:33,391 - __main__ - INFO - Open Positions: 0
2025-07-26 02:02:33,392 - __main__ - INFO - Total P&L: $0.00
2025-07-26 02:02:33,392 - __main__ - INFO - Daily P&L: $0.00
2025-07-26 02:02:33,392 - __main__ - INFO - ============================================================
2025-07-26 02:02:34,392 - __main__ - INFO - 
--- Cycle 2/15 ---
2025-07-26 02:02:34,392 - __main__ - INFO -  Analyzing 10 options contracts
2025-07-26 02:02:34,392 - __main__ - INFO - 革  No suitable opportunities found
2025-07-26 02:02:34,392 - __main__ - INFO - ============================================================
2025-07-26 02:02:34,392 - __main__ - INFO -  PORTFOLIO STATUS
2025-07-26 02:02:34,392 - __main__ - INFO - ============================================================
2025-07-26 02:02:34,392 - __main__ - INFO - Open Positions: 0
2025-07-26 02:02:34,392 - __main__ - INFO - Total P&L: $0.00
2025-07-26 02:02:34,392 - __main__ - INFO - Daily P&L: $0.00
2025-07-26 02:02:34,392 - __main__ - INFO - ============================================================
2025-07-26 02:02:35,392 - __main__ - INFO - 
--- Cycle 3/15 ---
2025-07-26 02:02:35,393 - __main__ - INFO -  Analyzing 10 options contracts
2025-07-26 02:02:35,393 - __main__ - INFO - 革  No suitable opportunities found
2025-07-26 02:02:35,393 - __main__ - INFO - ============================================================
2025-07-26 02:02:35,393 - __main__ - INFO -  PORTFOLIO STATUS
2025-07-26 02:02:35,393 - __main__ - INFO - ============================================================
2025-07-26 02:02:35,393 - __main__ - INFO - Open Positions: 0
2025-07-26 02:02:35,393 - __main__ - INFO - Total P&L: $0.00
2025-07-26 02:02:35,393 - __main__ - INFO - Daily P&L: $0.00
2025-07-26 02:02:35,393 - __main__ - INFO - ============================================================
2025-07-26 02:02:36,393 - __main__ - INFO - 
--- Cycle 4/15 ---
2025-07-26 02:02:36,394 - __main__ - INFO -  Analyzing 10 options contracts
2025-07-26 02:02:36,394 - __main__ - INFO - 革  No suitable opportunities found
2025-07-26 02:02:36,394 - __main__ - INFO - ============================================================
2025-07-26 02:02:36,394 - __main__ - INFO -  PORTFOLIO STATUS
2025-07-26 02:02:36,394 - __main__ - INFO - ============================================================
2025-07-26 02:02:36,394 - __main__ - INFO - Open Positions: 0
2025-07-26 02:02:36,394 - __main__ - INFO - Total P&L: $0.00
2025-07-26 02:02:36,394 - __main__ - INFO - Daily P&L: $0.00
2025-07-26 02:02:36,394 - __main__ - INFO - ============================================================
2025-07-26 02:02:37,394 - __main__ - INFO - 
--- Cycle 5/15 ---
2025-07-26 02:02:37,394 - __main__ - INFO -  Analyzing 10 options contracts
2025-07-26 02:02:37,394 - __main__ - INFO - 革  No suitable opportunities found
2025-07-26 02:02:37,394 - __main__ - INFO - ============================================================
2025-07-26 02:02:37,394 - __main__ - INFO -  PORTFOLIO STATUS
2025-07-26 02:02:37,394 - __main__ - INFO - ============================================================
2025-07-26 02:02:37,394 - __main__ - INFO - Open Positions: 0
2025-07-26 02:02:37,394 - __main__ - INFO - Total P&L: $0.00
2025-07-26 02:02:37,394 - __main__ - INFO - Daily P&L: $0.00
2025-07-26 02:02:37,394 - __main__ - INFO - ============================================================
2025-07-26 02:02:38,395 - __main__ - INFO - 
--- Cycle 6/15 ---
2025-07-26 02:02:38,395 - __main__ - INFO -  Analyzing 10 options contracts
2025-07-26 02:02:38,395 - __main__ - INFO - 革  No suitable opportunities found
2025-07-26 02:02:38,395 - __main__ - INFO - ============================================================
2025-07-26 02:02:38,395 - __main__ - INFO -  PORTFOLIO STATUS
2025-07-26 02:02:38,395 - __main__ - INFO - ============================================================
2025-07-26 02:02:38,395 - __main__ - INFO - Open Positions: 0
2025-07-26 02:02:38,395 - __main__ - INFO - Total P&L: $0.00
2025-07-26 02:02:38,395 - __main__ - INFO - Daily P&L: $0.00
2025-07-26 02:02:38,395 - __main__ - INFO - ============================================================
2025-07-26 02:02:39,395 - __main__ - INFO - 
--- Cycle 7/15 ---
2025-07-26 02:02:39,396 - __main__ - INFO -  Analyzing 10 options contracts
2025-07-26 02:02:39,396 - __main__ - INFO - 革  No suitable opportunities found
2025-07-26 02:02:39,396 - __main__ - INFO - ============================================================
2025-07-26 02:02:39,396 - __main__ - INFO -  PORTFOLIO STATUS
2025-07-26 02:02:39,396 - __main__ - INFO - ============================================================
2025-07-26 02:02:39,396 - __main__ - INFO - Open Positions: 0
2025-07-26 02:02:39,396 - __main__ - INFO - Total P&L: $0.00
2025-07-26 02:02:39,396 - __main__ - INFO - Daily P&L: $0.00
2025-07-26 02:02:39,396 - __main__ - INFO - ============================================================
2025-07-26 02:02:40,396 - __main__ - INFO - 
--- Cycle 8/15 ---
2025-07-26 02:02:40,396 - __main__ - INFO -  Analyzing 10 options contracts
2025-07-26 02:02:40,396 - __main__ - INFO - 革  No suitable opportunities found
2025-07-26 02:02:40,396 - __main__ - INFO - ============================================================
2025-07-26 02:02:40,396 - __main__ - INFO -  PORTFOLIO STATUS
2025-07-26 02:02:40,396 - __main__ - INFO - ============================================================
2025-07-26 02:02:40,396 - __main__ - INFO - Open Positions: 0
2025-07-26 02:02:40,396 - __main__ - INFO - Total P&L: $0.00
2025-07-26 02:02:40,396 - __main__ - INFO - Daily P&L: $0.00
2025-07-26 02:02:40,396 - __main__ - INFO - ============================================================
2025-07-26 02:02:41,397 - __main__ - INFO - 
--- Cycle 9/15 ---
2025-07-26 02:02:41,397 - __main__ - INFO -  Analyzing 10 options contracts
2025-07-26 02:02:41,397 - __main__ - INFO - 革  No suitable opportunities found
2025-07-26 02:02:41,397 - __main__ - INFO - ============================================================
2025-07-26 02:02:41,397 - __main__ - INFO -  PORTFOLIO STATUS
2025-07-26 02:02:41,397 - __main__ - INFO - ============================================================
2025-07-26 02:02:41,397 - __main__ - INFO - Open Positions: 0
2025-07-26 02:02:41,397 - __main__ - INFO - Total P&L: $0.00
2025-07-26 02:02:41,397 - __main__ - INFO - Daily P&L: $0.00
2025-07-26 02:02:41,397 - __main__ - INFO - ============================================================
2025-07-26 02:02:42,397 - __main__ - INFO - 
--- Cycle 10/15 ---
2025-07-26 02:02:42,398 - __main__ - INFO -  Analyzing 10 options contracts
2025-07-26 02:02:42,398 - __main__ - INFO - 革  No suitable opportunities found
2025-07-26 02:02:42,398 - __main__ - INFO - ============================================================
2025-07-26 02:02:42,398 - __main__ - INFO -  PORTFOLIO STATUS
2025-07-26 02:02:42,398 - __main__ - INFO - ============================================================
2025-07-26 02:02:42,398 - __main__ - INFO - Open Positions: 0
2025-07-26 02:02:42,398 - __main__ - INFO - Total P&L: $0.00
2025-07-26 02:02:42,398 - __main__ - INFO - Daily P&L: $0.00
2025-07-26 02:02:42,398 - __main__ - INFO - ============================================================
2025-07-26 02:02:43,398 - __main__ - INFO - 
--- Cycle 11/15 ---
2025-07-26 02:02:43,398 - __main__ - INFO -  Analyzing 10 options contracts
2025-07-26 02:02:43,398 - __main__ - INFO - 革  No suitable opportunities found
2025-07-26 02:02:43,398 - __main__ - INFO - ============================================================
2025-07-26 02:02:43,398 - __main__ - INFO -  PORTFOLIO STATUS
2025-07-26 02:02:43,398 - __main__ - INFO - ============================================================
2025-07-26 02:02:43,398 - __main__ - INFO - Open Positions: 0
2025-07-26 02:02:43,398 - __main__ - INFO - Total P&L: $0.00
2025-07-26 02:02:43,398 - __main__ - INFO - Daily P&L: $0.00
2025-07-26 02:02:43,398 - __main__ - INFO - ============================================================
2025-07-26 02:02:44,398 - __main__ - INFO - 
--- Cycle 12/15 ---
2025-07-26 02:02:44,399 - __main__ - INFO -  Analyzing 10 options contracts
2025-07-26 02:02:44,399 - __main__ - INFO - 革  No suitable opportunities found
2025-07-26 02:02:44,399 - __main__ - INFO - ============================================================
2025-07-26 02:02:44,399 - __main__ - INFO -  PORTFOLIO STATUS
2025-07-26 02:02:44,399 - __main__ - INFO - ============================================================
2025-07-26 02:02:44,399 - __main__ - INFO - Open Positions: 0
2025-07-26 02:02:44,399 - __main__ - INFO - Total P&L: $0.00
2025-07-26 02:02:44,399 - __main__ - INFO - Daily P&L: $0.00
2025-07-26 02:02:44,399 - __main__ - INFO - ============================================================
2025-07-26 02:02:45,399 - __main__ - INFO - 
--- Cycle 13/15 ---
2025-07-26 02:02:45,399 - __main__ - INFO -  Analyzing 10 options contracts
2025-07-26 02:02:45,399 - __main__ - INFO - 革  No suitable opportunities found
2025-07-26 02:02:45,399 - __main__ - INFO - ============================================================
2025-07-26 02:02:45,399 - __main__ - INFO -  PORTFOLIO STATUS
2025-07-26 02:02:45,399 - __main__ - INFO - ============================================================
2025-07-26 02:02:45,399 - __main__ - INFO - Open Positions: 0
2025-07-26 02:02:45,399 - __main__ - INFO - Total P&L: $0.00
2025-07-26 02:02:45,399 - __main__ - INFO - Daily P&L: $0.00
2025-07-26 02:02:45,399 - __main__ - INFO - ============================================================
2025-07-26 02:02:46,400 - __main__ - INFO - 
--- Cycle 14/15 ---
2025-07-26 02:02:46,400 - __main__ - INFO -  Analyzing 10 options contracts
2025-07-26 02:02:46,400 - __main__ - INFO - 革  No suitable opportunities found
2025-07-26 02:02:46,400 - __main__ - INFO - ============================================================
2025-07-26 02:02:46,400 - __main__ - INFO -  PORTFOLIO STATUS
2025-07-26 02:02:46,400 - __main__ - INFO - ============================================================
2025-07-26 02:02:46,400 - __main__ - INFO - Open Positions: 0
2025-07-26 02:02:46,400 - __main__ - INFO - Total P&L: $0.00
2025-07-26 02:02:46,400 - __main__ - INFO - Daily P&L: $0.00
2025-07-26 02:02:46,400 - __main__ - INFO - ============================================================
2025-07-26 02:02:47,400 - __main__ - INFO - 
--- Cycle 15/15 ---
2025-07-26 02:02:47,401 - __main__ - INFO -  Analyzing 10 options contracts
2025-07-26 02:02:47,401 - __main__ - INFO - 革  No suitable opportunities found
2025-07-26 02:02:47,401 - __main__ - INFO - ============================================================
2025-07-26 02:02:47,401 - __main__ - INFO -  PORTFOLIO STATUS
2025-07-26 02:02:47,401 - __main__ - INFO - ============================================================
2025-07-26 02:02:47,401 - __main__ - INFO - Open Positions: 0
2025-07-26 02:02:47,401 - __main__ - INFO - Total P&L: $0.00
2025-07-26 02:02:47,401 - __main__ - INFO - Daily P&L: $0.00
2025-07-26 02:02:47,401 - __main__ - INFO - ============================================================
2025-07-26 02:02:48,401 - __main__ - INFO - 
 Demo completed!
2025-07-26 02:02:48,401 - __main__ - INFO - Final Total P&L: $0.00
